<?xml version="1.0" encoding="UTF-8"?>
<!-- Generated by org.testng.reporters.JUnitReportReporter -->
<testsuite hostname="DESKTOP-P39CJOI" failures="0" tests="5" name="Saucedemo_Runner.Runner" time="26.350" errors="0" timestamp="2023-04-30T09:20:09 IST" skipped="0">
  <testcase classname="Saucedemo_Runner.Runner" name="Add_2nd_Product_from_Inside" time="1.404"/>
  <system-out/>
  <testcase classname="Saucedemo_Runner.Runner" name="Login" time="22.583"/>
  <system-out/>
  <testcase classname="Saucedemo_Runner.Runner" name="Add_first_Product_from_Inside" time="0.770"/>
  <system-out/>
  <testcase classname="Saucedemo_Runner.Runner" name="TestingNumber_OfItmesin_cart" time="0.309"/>
  <system-out/>
  <testcase classname="Saucedemo_Runner.Runner" name="Filter" time="1.284"/>
  <system-out/>
</testsuite> <!-- Saucedemo_Runner.Runner -->
